[debug] [2022-02-16T16:45:14.463Z] ----------------------------------------------------------------------
[debug] [2022-02-16T16:45:14.465Z] Command:       C:\Program Files\nodejs\node.exe C:\Users\mattc\AppData\Roaming\npm\node_modules\firebase-tools\lib\bin\firebase.js emulators:start
[debug] [2022-02-16T16:45:14.465Z] CLI Version:   10.1.4
[debug] [2022-02-16T16:45:14.465Z] Platform:      win32
[debug] [2022-02-16T16:45:14.465Z] Node Version:  v16.13.0
[debug] [2022-02-16T16:45:14.466Z] Time:          Wed Feb 16 2022 11:45:14 GMT-0500 (Eastern Standard Time)
[debug] [2022-02-16T16:45:14.467Z] ----------------------------------------------------------------------
[debug] 
[debug] [2022-02-16T16:45:14.555Z] > command requires scopes: ["email","openid","https://www.googleapis.com/auth/cloudplatformprojects.readonly","https://www.googleapis.com/auth/firebase","https://www.googleapis.com/auth/cloud-platform"]
[debug] [2022-02-16T16:45:14.556Z] > authorizing via signed-in user (developerstudentclubwm@gmail.com)
[info] i  emulators: Starting emulators: hosting {"metadata":{"emulator":{"name":"hub"},"message":"Starting emulators: hosting"}}
[debug] [2022-02-16T16:45:14.587Z] [hub] writing locator at C:\Users\mattc\AppData\Local\Temp\hub-afpmap.json
[debug] [2022-02-16T16:45:14.600Z] >>> [apiv2][query] GET https://firebasehosting.googleapis.com/v1beta1/projects/afpmap/sites 
[debug] [2022-02-16T16:45:14.882Z] <<< [apiv2][status] GET https://firebasehosting.googleapis.com/v1beta1/projects/afpmap/sites 200
[debug] [2022-02-16T16:45:14.882Z] <<< [apiv2][body] GET https://firebasehosting.googleapis.com/v1beta1/projects/afpmap/sites {"sites":[{"name":"projects/459903889875/sites/afpmap","defaultUrl":"https://afpmap.web.app","type":"DEFAULT_SITE"}]}
[debug] [2022-02-16T16:45:14.882Z] >>> [apiv2][query] GET https://firebase.googleapis.com/v1beta1/projects/afpmap/webApps/-/config [none]
[debug] [2022-02-16T16:45:15.241Z] <<< [apiv2][status] GET https://firebase.googleapis.com/v1beta1/projects/afpmap/webApps/-/config 200
[debug] [2022-02-16T16:45:15.241Z] <<< [apiv2][body] GET https://firebase.googleapis.com/v1beta1/projects/afpmap/webApps/-/config {"projectId":"afpmap","storageBucket":"afpmap.appspot.com","apiKey":"AIzaSyCx5Gf5e3bofMDtRUEI94OZIL0_7wzOkKU","authDomain":"afpmap.firebaseapp.com","messagingSenderId":"459903889875"}
[info] i  hosting: Serving hosting files from: / {"metadata":{"emulator":{"name":"hosting"},"message":"Serving hosting files from: \u001b[1m/\u001b[22m"}}
[info] +  hosting: Local server: http://localhost:5000 {"metadata":{"emulator":{"name":"hosting"},"message":"Local server: \u001b[4m\u001b[1mhttp://localhost:5000\u001b[22m\u001b[24m"}}
[warn] !  emulators: The Emulator UI requires a project ID to start. Configure your default project with 'firebase use' or pass the --project flag. {"metadata":{"emulator":{"name":"hub"},"message":"The Emulator UI requires a project ID to start. Configure your default project with 'firebase use' or pass the --project flag."}}
[info] 
┌─────────────────────────────────────────────────────────────┐
│ ✔  All emulators ready! It is now safe to connect your app. │
└─────────────────────────────────────────────────────────────┘

┌──────────┬────────────────┐
│ Emulator │ Host:Port      │
├──────────┼────────────────┤
│ Hosting  │ localhost:5000 │
└──────────┴────────────────┘
  Emulator Hub running at localhost:4400
  Other reserved ports: None

Issues? Report them at https://github.com/firebase/firebase-tools/issues and attach the *-debug.log files.
 
[info] i  hosting: 127.0.0.1 - - [16/Feb/2022:16:45:24 +0000] "GET / HTTP/1.1" 200 34439 "-" "Mozilla/5.0 (Windows NT 10.0; Win64; x64) AppleWebKit/537.36 (KHTML, like Gecko) Chrome/98.0.4758.102 Safari/537.36" {"metadata":{"emulator":{"name":"hosting"},"message":"127.0.0.1 - - [16/Feb/2022:16:45:24 +0000] \"GET / HTTP/1.1\" 200 34439 \"-\" \"Mozilla/5.0 (Windows NT 10.0; Win64; x64) AppleWebKit/537.36 (KHTML, like Gecko) Chrome/98.0.4758.102 Safari/537.36\""}}
[info] i  hosting: 127.0.0.1 - - [16/Feb/2022:16:45:54 +0000] "GET / HTTP/1.1" 200 34394 "-" "Mozilla/5.0 (Windows NT 10.0; Win64; x64) AppleWebKit/537.36 (KHTML, like Gecko) Chrome/98.0.4758.102 Safari/537.36" {"metadata":{"emulator":{"name":"hosting"},"message":"127.0.0.1 - - [16/Feb/2022:16:45:54 +0000] \"GET / HTTP/1.1\" 200 34394 \"-\" \"Mozilla/5.0 (Windows NT 10.0; Win64; x64) AppleWebKit/537.36 (KHTML, like Gecko) Chrome/98.0.4758.102 Safari/537.36\""}}
